***Starting server on port 49712 ***
Loading net-file from '../TAPASCologne-0.32.0\cologne.net.xml'... done (6451ms).
Warning: At actuated tlLogic '1556009031', minDur 5.00 is too short for a detector gap of 33.34m.
Warning: At actuated tlLogic '1643178127', minDur 5.00 is too short for a detector gap of 33.34m.
Warning: At actuated tlLogic '1684554168', minDur 5.00 is too short for a detector gap of 38.88m.
Warning: At actuated tlLogic '2024714943', minDur 5.00 is too short for a detector gap of 38.88m.
Warning: At actuated tlLogic '215221356', minDur 5.00 is too short for a detector gap of 37.46m.
Warning: At actuated tlLogic '244437892', minDur 5.00 is too short for a detector gap of 38.88m.
Warning: At actuated tlLogic '248968376', minDur 5.00 is too short for a detector gap of 38.88m.
Warning: At actuated tlLogic '249719704', minDur 5.00 is too short for a detector gap of 38.88m.
Warning: At actuated tlLogic '249720303', minDur 5.00 is too short for a detector gap of 31.32m.
Warning: At actuated tlLogic '249831735', minDur 5.00 is too short for a detector gap of 38.88m.
Warning: At actuated tlLogic '251074166', minDur 5.00 is too short for a detector gap of 38.88m.
Warning: At actuated tlLogic '251657228', minDur 5.00 is too short for a detector gap of 38.88m.
Warning: At actuated tlLogic '252005885', minDur 5.00 is too short for a detector gap of 38.88m.
Warning: At actuated tlLogic '252007271', minDur 5.00 is too short for a detector gap of 38.88m.
Warning: At actuated tlLogic '254102120', minDur 5.00 is too short for a detector gap of 55.56m.
Warning: At actuated tlLogic '255794124', minDur 5.00 is too short for a detector gap of 30.90m.
Warning: At actuated tlLogic '2607239074', minDur 5.00 is too short for a detector gap of 38.88m.
Warning: At actuated tlLogic '268685938', minDur 5.00 is too short for a detector gap of 33.34m.
Warning: At actuated tlLogic '271359738', minDur 5.00 is too short for a detector gap of 33.34m.
Warning: At actuated tlLogic '273948819', minDur 5.00 is too short for a detector gap of 38.88m.
Warning: At actuated tlLogic '28198577', minDur 5.00 is too short for a detector gap of 38.88m.
Warning: At actuated tlLogic '28198580', minDur 5.00 is too short for a detector gap of 38.88m.
Warning: At actuated tlLogic '285914589', minDur 5.00 is too short for a detector gap of 38.88m.
Warning: At actuated tlLogic '286574820', minDur 5.00 is too short for a detector gap of 38.88m.
Warning: At actuated tlLogic '289395387', minDur 5.00 is too short for a detector gap of 38.88m.
Warning: At actuated tlLogic '29648210', minDur 5.00 is too short for a detector gap of 38.88m.
Warning: At actuated tlLogic '30877147', minDur 5.00 is too short for a detector gap of 38.88m.
Warning: At actuated tlLogic '32345573', minDur 5.00 is too short for a detector gap of 38.88m.
Warning: At actuated tlLogic '359244', minDur 5.00 is too short for a detector gap of 38.88m.
Warning: At actuated tlLogic '359274', minDur 5.00 is too short for a detector gap of 38.88m.
Warning: At actuated tlLogic '359921', minDur 5.00 is too short for a detector gap of 38.88m.
Warning: At actuated tlLogic '36132587', minDur 5.00 is too short for a detector gap of 33.34m.
Warning: At actuated tlLogic '365854', minDur 5.00 is too short for a detector gap of 38.88m.
Warning: At actuated tlLogic '50071236', minDur 5.00 is too short for a detector gap of 38.88m.
Warning: At actuated tlLogic '513542518', minDur 5.00 is too short for a detector gap of 38.88m.
Warning: At actuated tlLogic '51553481', minDur 5.00 is too short for a detector gap of 55.56m.
Warning: At actuated tlLogic '54765784', minDur 5.00 is too short for a detector gap of 38.88m.
Warning: At actuated tlLogic '54765787', minDur 5.00 is too short for a detector gap of 38.88m.
Warning: At actuated tlLogic '60634418', minDur 5.00 is too short for a detector gap of 55.56m.
Warning: At actuated tlLogic '75251251', minDur 5.00 is too short for a detector gap of 34.36m.
Warning: At actuated tlLogic '767484410', minDur 5.00 is too short for a detector gap of 32.64m.
Warning: At actuated tlLogic '7782687', minDur 5.00 is too short for a detector gap of 38.88m.
Warning: At actuated tlLogic '7787916', minDur 5.00 is too short for a detector gap of 34.26m.
Warning: At actuated tlLogic '779702420', minDur 5.00 is too short for a detector gap of 33.34m.
Warning: At actuated tlLogic '82666613', minDur 5.00 is too short for a detector gap of 33.34m.
Warning: At actuated tlLogic '88327786', minDur 5.00 is too short for a detector gap of 38.88m.
Warning: At actuated tlLogic 'GS_1231163469', minDur 5.00 is too short for a detector gap of 48.64m.
Warning: At actuated tlLogic 'GS_1244629301', minDur 5.00 is too short for a detector gap of 33.34m.
Warning: At actuated tlLogic 'GS_1328385548', minDur 5.00 is too short for a detector gap of 37.93m.
Warning: At actuated tlLogic 'GS_1457827013', minDur 5.00 is too short for a detector gap of 33.34m.
Warning: At actuated tlLogic 'GS_1458506908', minDur 5.00 is too short for a detector gap of 33.34m.
Warning: At actuated tlLogic 'GS_1459830256', minDur 5.00 is too short for a detector gap of 33.34m.
Warning: At actuated tlLogic 'GS_1483476848', minDur 5.00 is too short for a detector gap of 33.34m.
Warning: At actuated tlLogic 'GS_1507713375', minDur 5.00 is too short for a detector gap of 37.49m.
Warning: At actuated tlLogic 'GS_1545597091', minDur 5.00 is too short for a detector gap of 38.88m.
Warning: At actuated tlLogic 'GS_1556009235', minDur 5.00 is too short for a detector gap of 33.34m.
Warning: At actuated tlLogic 'GS_1861646771', minDur 5.00 is too short for a detector gap of 33.34m.
Warning: At actuated tlLogic 'GS_216492087', minDur 5.00 is too short for a detector gap of 30.97m.
Warning: At actuated tlLogic 'GS_247257782', minDur 5.00 is too short for a detector gap of 33.34m.
Warning: At actuated tlLogic 'GS_249069310', minDur 5.00 is too short for a detector gap of 38.88m.
Warning: At actuated tlLogic 'GS_249209610', minDur 5.00 is too short for a detector gap of 36.82m.
Warning: At actuated tlLogic 'GS_255736343', minDur 5.00 is too short for a detector gap of 38.88m.
Warning: At actuated tlLogic 'GS_28095112', minDur 5.00 is too short for a detector gap of 33.34m.
Warning: At actuated tlLogic 'GS_28901059', minDur 5.00 is too short for a detector gap of 38.88m.
Warning: At actuated tlLogic 'GS_29008052', minDur 5.00 is too short for a detector gap of 33.34m.
Warning: At actuated tlLogic 'GS_3210694922', minDur 5.00 is too short for a detector gap of 38.88m.
Warning: At actuated tlLogic 'GS_321624011', minDur 5.00 is too short for a detector gap of 33.34m.
Warning: At actuated tlLogic 'GS_33407222', minDur 5.00 is too short for a detector gap of 33.31m.
Warning: At actuated tlLogic 'GS_359362', minDur 5.00 is too short for a detector gap of 33.34m.
Warning: At actuated tlLogic 'GS_359533', minDur 5.00 is too short for a detector gap of 36.17m.
Warning: At actuated tlLogic 'GS_370618594', minDur 5.00 is too short for a detector gap of 30.54m.
Warning: At actuated tlLogic 'GS_388521', minDur 5.00 is too short for a detector gap of 30.08m.
Warning: At actuated tlLogic 'GS_423043253', minDur 5.00 is too short for a detector gap of 30.17m.
Warning: At actuated tlLogic 'GS_442532', minDur 5.00 is too short for a detector gap of 33.34m.
Warning: Unused states in tlLogic 'GS_522072257', program '0' in phase 0 after tl-index -1
Warning: At actuated tlLogic 'GS_56458912', minDur 5.00 is too short for a detector gap of 38.88m.
Warning: At actuated tlLogic 'GS_584780453', minDur 5.00 is too short for a detector gap of 33.92m.
Warning: At actuated tlLogic 'GS_768739624', minDur 5.00 is too short for a detector gap of 33.34m.
Warning: At actuated tlLogic 'GS_850614711', minDur 5.00 is too short for a detector gap of 33.34m.
Warning: At actuated tlLogic 'GS_850614737', minDur 5.00 is too short for a detector gap of 33.34m.
Warning: At actuated tlLogic 'GS_cluster_1132693106_204974648_204974791_702713661', minDur 5.00 is too short for a detector gap of 38.88m.
Warning: At actuated tlLogic 'GS_cluster_1195819778_1195819792_1231170322_1231170349', minDur 5.00 is too short for a detector gap of 38.88m.
Warning: At actuated tlLogic 'GS_cluster_1239333746_246649195_264747751_476194', minDur 5.00 is too short for a detector gap of 38.88m.
Warning: At actuated tlLogic 'GS_cluster_1337164799_29384544', minDur 5.00 is too short for a detector gap of 33.34m.
Warning: At actuated tlLogic 'GS_cluster_1457824916_359561877', minDur 5.00 is too short for a detector gap of 38.88m.
Warning: At actuated tlLogic 'GS_cluster_14876825_294025142_294025378_75024845', minDur 5.00 is too short for a detector gap of 33.34m.
Warning: At actuated tlLogic 'GS_cluster_160157_1805226262', minDur 5.00 is too short for a detector gap of 33.34m.
Warning: At actuated tlLogic 'GS_cluster_1643152226_359756', minDur 5.00 is too short for a detector gap of 38.88m.
Warning: At actuated tlLogic 'GS_cluster_2229418470_359915', minDur 5.00 is too short for a detector gap of 38.88m.
Warning: At actuated tlLogic 'GS_cluster_2250316406_2250316408_2250316412_2250316414', minDur 5.00 is too short for a detector gap of 38.83m.
Warning: At actuated tlLogic 'GS_cluster_248728692_29643516_7779471', minDur 5.00 is too short for a detector gap of 38.88m.
Warning: At actuated tlLogic 'GS_cluster_2608195343_2608195347_51553798_60610212', minDur 5.00 is too short for a detector gap of 38.88m.
Warning: At actuated tlLogic 'GS_cluster_2704484_74970881', minDur 5.00 is too short for a detector gap of 33.34m.
Warning: At actuated tlLogic 'GS_cluster_274558140_29008055_443035', minDur 5.00 is too short for a detector gap of 33.34m.
Warning: At actuated tlLogic 'GS_cluster_29647515_387759772', minDur 5.00 is too short for a detector gap of 38.88m.
Warning: At actuated tlLogic 'GS_cluster_3350434914_357160_358185', minDur 5.00 is too short for a detector gap of 38.88m.
Warning: At actuated tlLogic 'GS_cluster_357154_357159', minDur 5.00 is too short for a detector gap of 38.88m.
Warning: At actuated tlLogic 'GS_cluster_357187_359543', minDur 5.00 is too short for a detector gap of 38.88m.
Warning: At actuated tlLogic 'GS_cluster_3657165243_3657165249', minDur 5.00 is too short for a detector gap of 38.88m.
Warning: At actuated tlLogic 'GS_cluster_385314955_442553', minDur 5.00 is too short for a detector gap of 33.34m.
Warning: At actuated tlLogic 'GS_cluster_423702_702713704_702713772', minDur 5.00 is too short for a detector gap of 31.61m.
Warning: At actuated tlLogic 'GS_cluster_443922_702713677_702713786', minDur 5.00 is too short for a detector gap of 38.88m.
Warning: At actuated tlLogic 'cluster_1077640499_2603616051_2603619202_2603626637_2603633309_2603639844_2603639845_2603646988_2603646989_2603648796_2617545588_725054100', minDur 5.00 is too short for a detector gap of 38.88m.
Warning: At actuated tlLogic 'cluster_126210276_255338974_29647690_29647692', minDur 5.00 is too short for a detector gap of 33.34m.
Warning: At actuated tlLogic 'cluster_1268736586_322132800_442535', minDur 5.00 is too short for a detector gap of 32.70m.
Warning: At actuated tlLogic 'cluster_1387525941_160075_300844714', minDur 5.00 is too short for a detector gap of 38.88m.
Warning: At actuated tlLogic 'cluster_1410840882_1410840883_2125067734_56630711', minDur 5.00 is too short for a detector gap of 38.88m.
Warning: At actuated tlLogic 'cluster_1428923542_30336644', minDur 5.00 is too short for a detector gap of 38.88m.
Warning: At actuated tlLogic 'cluster_1446931539_1634542608_36685329_36685330_416857362', minDur 5.00 is too short for a detector gap of 38.88m.
Warning: At actuated tlLogic 'cluster_1458613773_365863_737592639', minDur 5.00 is too short for a detector gap of 33.34m.
Warning: At actuated tlLogic 'cluster_14876818_25984966_294027468', minDur 5.00 is too short for a detector gap of 32.28m.
Warning: At actuated tlLogic 'cluster_1556009199_1556009205_2269364828_2269364830_340185422', minDur 5.00 is too short for a detector gap of 33.34m.
Warning: At actuated tlLogic 'cluster_1586669705_1631901632_1631901683_1634542256_188003445', minDur 5.00 is too short for a detector gap of 38.88m.
Warning: At actuated tlLogic 'cluster_1597809882_53398389', minDur 5.00 is too short for a detector gap of 38.88m.
Warning: At actuated tlLogic 'cluster_160072_82992819', minDur 5.00 is too short for a detector gap of 41.79m.
Warning: At actuated tlLogic 'cluster_160086_340185418', minDur 5.00 is too short for a detector gap of 33.34m.
Warning: At actuated tlLogic 'cluster_1637906918_2124909046_2124909048_2124909050_423043257_423043262', minDur 5.00 is too short for a detector gap of 38.88m.
Warning: At actuated tlLogic 'cluster_1645770961_2038272246_2038272248', minDur 5.00 is too short for a detector gap of 38.88m.
Warning: At actuated tlLogic 'cluster_1863639692_274673844_274673845', minDur 5.00 is too short for a detector gap of 33.34m.
Warning: At actuated tlLogic 'cluster_188865916_265570223', minDur 5.00 is too short for a detector gap of 33.34m.
Warning: At actuated tlLogic 'cluster_2125074253_56557353', minDur 5.00 is too short for a detector gap of 38.88m.
Warning: At actuated tlLogic 'cluster_2138007542_3511101691_38443832_38443844_38443847', minDur 5.00 is too short for a detector gap of 33.34m.
Warning: At actuated tlLogic 'cluster_216491950_446186166_95174695', minDur 5.00 is too short for a detector gap of 33.34m.
Warning: At actuated tlLogic 'cluster_216492078_446186170_447105266', minDur 5.00 is too short for a detector gap of 33.34m.
Warning: At actuated tlLogic 'cluster_2187004391_26041947_26041948', minDur 5.00 is too short for a detector gap of 33.34m.
Warning: At actuated tlLogic 'cluster_221596725_486485', minDur 5.00 is too short for a detector gap of 38.88m.
Warning: At actuated tlLogic 'cluster_2291755135_2291765673_2291774891_2291796721_2292168643_2292168644_2292168645_2362254605_2362254606_2362254607_2362254608_2769703648_371104231', minDur 5.00 is too short for a detector gap of 38.88m.
Warning: At actuated tlLogic 'cluster_249752469_250633240_252603286_486337191_486337194', minDur 5.00 is too short for a detector gap of 38.88m.
Warning: At actuated tlLogic 'cluster_250584548_250584549_250584552', minDur 5.00 is too short for a detector gap of 55.56m.
Warning: At actuated tlLogic 'cluster_253727751_259155795', minDur 5.00 is too short for a detector gap of 33.34m.
Warning: At actuated tlLogic 'cluster_256548162_267740037', minDur 5.00 is too short for a detector gap of 38.88m.
Warning: At actuated tlLogic 'cluster_258337738_258337739', minDur 5.00 is too short for a detector gap of 38.88m.
Warning: At actuated tlLogic 'cluster_259083791_585624', minDur 5.00 is too short for a detector gap of 38.88m.
Warning: At actuated tlLogic 'cluster_259155948_259156024_442545', minDur 5.00 is too short for a detector gap of 33.34m.
Warning: At actuated tlLogic 'cluster_260755704_289361210', minDur 5.00 is too short for a detector gap of 38.88m.
Warning: At actuated tlLogic 'cluster_28198582_311098272', minDur 5.00 is too short for a detector gap of 38.88m.
Warning: At actuated tlLogic 'cluster_32523069_3531832794', minDur 5.00 is too short for a detector gap of 38.88m.
Warning: At actuated tlLogic 'cluster_3267587321_359885_359886_359887_359888_36674731', minDur 5.00 is too short for a detector gap of 38.88m.
Warning: At actuated tlLogic 'cluster_330952463_330952636_330952642_82669284_959794676_959794682_959794687', minDur 5.00 is too short for a detector gap of 38.88m.
Warning: At actuated tlLogic 'cluster_335521598_351278419', minDur 5.00 is too short for a detector gap of 38.88m.
Warning: At actuated tlLogic 'cluster_335768431_88296015', minDur 5.00 is too short for a detector gap of 34.55m.
Warning: At actuated tlLogic 'cluster_3459021687_3459021688', minDur 5.00 is too short for a detector gap of 38.88m.
Warning: At actuated tlLogic 'cluster_34957492_652671960', minDur 5.00 is too short for a detector gap of 38.88m.
Warning: At actuated tlLogic 'cluster_359767_359768', minDur 5.00 is too short for a detector gap of 38.88m.
Warning: At actuated tlLogic 'cluster_36132572_507460655_903654277', minDur 5.00 is too short for a detector gap of 34.78m.
Warning: At actuated tlLogic 'cluster_442560_442561', minDur 5.00 is too short for a detector gap of 38.88m.
Loading additiona